{"/Users/jamesjefferson/Sites/npmmods/addresscloud/index.js": {"path":"/Users/jamesjefferson/Sites/npmmods/addresscloud/index.js","statementMap":{"0":{"start":{"line":2,"column":14},"end":{"line":2,"column":30}},"1":{"start":{"line":4,"column":0},"end":{"line":7,"column":2}},"2":{"start":{"line":17,"column":2},"end":{"line":19,"column":3}},"3":{"start":{"line":18,"column":3},"end":{"line":18,"column":60}},"4":{"start":{"line":21,"column":2},"end":{"line":23,"column":3}},"5":{"start":{"line":22,"column":3},"end":{"line":22,"column":64}},"6":{"start":{"line":25,"column":2},"end":{"line":25,"column":26}},"7":{"start":{"line":26,"column":2},"end":{"line":26,"column":30}},"8":{"start":{"line":27,"column":2},"end":{"line":27,"column":59}},"9":{"start":{"line":28,"column":2},"end":{"line":36,"column":3}},"10":{"start":{"line":43,"column":2},"end":{"line":43,"column":23}},"11":{"start":{"line":78,"column":40},"end":{"line":78,"column":47}},"12":{"start":{"line":79,"column":2},"end":{"line":79,"column":58}},"13":{"start":{"line":81,"column":18},"end":{"line":81,"column":40}},"14":{"start":{"line":84,"column":2},"end":{"line":88,"column":3}},"15":{"start":{"line":85,"column":3},"end":{"line":87,"column":4}},"16":{"start":{"line":91,"column":29},"end":{"line":91,"column":48}},"17":{"start":{"line":92,"column":2},"end":{"line":96,"column":3}},"18":{"start":{"line":93,"column":3},"end":{"line":95,"column":4}},"19":{"start":{"line":100,"column":3},"end":{"line":102,"column":54}},"20":{"start":{"line":105,"column":2},"end":{"line":114,"column":3}},"21":{"start":{"line":106,"column":21},"end":{"line":106,"column":75}},"22":{"start":{"line":107,"column":3},"end":{"line":107,"column":19}},"23":{"start":{"line":109,"column":3},"end":{"line":113,"column":4}},"24":{"start":{"line":122,"column":37},"end":{"line":122,"column":44}},"25":{"start":{"line":123,"column":2},"end":{"line":123,"column":58}},"26":{"start":{"line":125,"column":26},"end":{"line":125,"column":82}},"27":{"start":{"line":128,"column":2},"end":{"line":137,"column":3}},"28":{"start":{"line":129,"column":21},"end":{"line":129,"column":75}},"29":{"start":{"line":130,"column":3},"end":{"line":130,"column":19}},"30":{"start":{"line":132,"column":3},"end":{"line":136,"column":4}},"31":{"start":{"line":145,"column":2},"end":{"line":172,"column":3}},"32":{"start":{"line":147,"column":4},"end":{"line":148,"column":150}},"33":{"start":{"line":149,"column":4},"end":{"line":149,"column":9}},"34":{"start":{"line":151,"column":4},"end":{"line":151,"column":79}},"35":{"start":{"line":152,"column":4},"end":{"line":152,"column":9}},"36":{"start":{"line":154,"column":4},"end":{"line":155,"column":164}},"37":{"start":{"line":156,"column":4},"end":{"line":156,"column":9}},"38":{"start":{"line":158,"column":4},"end":{"line":159,"column":90}},"39":{"start":{"line":160,"column":4},"end":{"line":160,"column":9}},"40":{"start":{"line":162,"column":4},"end":{"line":163,"column":98}},"41":{"start":{"line":164,"column":4},"end":{"line":164,"column":9}},"42":{"start":{"line":166,"column":4},"end":{"line":167,"column":80}},"43":{"start":{"line":168,"column":4},"end":{"line":168,"column":9}},"44":{"start":{"line":171,"column":4},"end":{"line":171,"column":53}},"45":{"start":{"line":173,"column":2},"end":{"line":173,"column":56}},"46":{"start":{"line":177,"column":40},"end":{"line":177,"column":47}},"47":{"start":{"line":183,"column":22},"end":{"line":222,"column":3}},"48":{"start":{"line":228,"column":0},"end":{"line":228,"column":39}}},"fnMap":{"0":{"name":"(anonymous_0)","decl":{"start":{"line":16,"column":1},"end":{"line":16,"column":2}},"loc":{"start":{"line":16,"column":43},"end":{"line":37,"column":2}},"line":16},"1":{"name":"(anonymous_1)","decl":{"start":{"line":42,"column":1},"end":{"line":42,"column":2}},"loc":{"start":{"line":42,"column":17},"end":{"line":44,"column":2}},"line":42},"2":{"name":"(anonymous_2)","decl":{"start":{"line":77,"column":1},"end":{"line":77,"column":2}},"loc":{"start":{"line":77,"column":22},"end":{"line":115,"column":2}},"line":77},"3":{"name":"(anonymous_3)","decl":{"start":{"line":120,"column":1},"end":{"line":120,"column":2}},"loc":{"start":{"line":120,"column":22},"end":{"line":138,"column":2}},"line":120},"4":{"name":"(anonymous_4)","decl":{"start":{"line":143,"column":1},"end":{"line":143,"column":2}},"loc":{"start":{"line":143,"column":25},"end":{"line":174,"column":2}},"line":143},"5":{"name":"(anonymous_5)","decl":{"start":{"line":176,"column":1},"end":{"line":176,"column":2}},"loc":{"start":{"line":176,"column":19},"end":{"line":225,"column":2}},"line":176}},"branchMap":{"0":{"loc":{"start":{"line":16,"column":13},"end":{"line":16,"column":25}},"type":"default-arg","locations":[{"start":{"line":16,"column":23},"end":{"line":16,"column":25}}],"line":16},"1":{"loc":{"start":{"line":16,"column":27},"end":{"line":16,"column":41}},"type":"default-arg","locations":[{"start":{"line":16,"column":39},"end":{"line":16,"column":41}}],"line":16},"2":{"loc":{"start":{"line":17,"column":2},"end":{"line":19,"column":3}},"type":"if","locations":[{"start":{"line":17,"column":2},"end":{"line":19,"column":3}},{"start":{},"end":{}}],"line":17},"3":{"loc":{"start":{"line":21,"column":2},"end":{"line":23,"column":3}},"type":"if","locations":[{"start":{"line":21,"column":2},"end":{"line":23,"column":3}},{"start":{},"end":{}}],"line":21},"4":{"loc":{"start":{"line":84,"column":2},"end":{"line":88,"column":3}},"type":"if","locations":[{"start":{"line":84,"column":2},"end":{"line":88,"column":3}},{"start":{},"end":{}}],"line":84},"5":{"loc":{"start":{"line":84,"column":6},"end":{"line":84,"column":38}},"type":"binary-expr","locations":[{"start":{"line":84,"column":6},"end":{"line":84,"column":13}},{"start":{"line":84,"column":17},"end":{"line":84,"column":27}},{"start":{"line":84,"column":31},"end":{"line":84,"column":38}}],"line":84},"6":{"loc":{"start":{"line":92,"column":2},"end":{"line":96,"column":3}},"type":"if","locations":[{"start":{"line":92,"column":2},"end":{"line":96,"column":3}},{"start":{},"end":{}}],"line":92},"7":{"loc":{"start":{"line":92,"column":6},"end":{"line":92,"column":79}},"type":"binary-expr","locations":[{"start":{"line":92,"column":6},"end":{"line":92,"column":40}},{"start":{"line":92,"column":44},"end":{"line":92,"column":79}}],"line":92},"8":{"loc":{"start":{"line":100,"column":3},"end":{"line":102,"column":54}},"type":"cond-expr","locations":[{"start":{"line":101,"column":6},"end":{"line":101,"column":48}},{"start":{"line":102,"column":6},"end":{"line":102,"column":54}}],"line":100},"9":{"loc":{"start":{"line":145,"column":2},"end":{"line":172,"column":3}},"type":"switch","locations":[{"start":{"line":146,"column":3},"end":{"line":149,"column":9}},{"start":{"line":150,"column":3},"end":{"line":152,"column":9}},{"start":{"line":153,"column":3},"end":{"line":156,"column":9}},{"start":{"line":157,"column":3},"end":{"line":160,"column":9}},{"start":{"line":161,"column":3},"end":{"line":164,"column":9}},{"start":{"line":165,"column":3},"end":{"line":168,"column":9}},{"start":{"line":170,"column":3},"end":{"line":171,"column":53}}],"line":145}},"s":{"0":1,"1":1,"2":1,"3":0,"4":1,"5":0,"6":1,"7":1,"8":1,"9":1,"10":0,"11":0,"12":0,"13":0,"14":0,"15":0,"16":0,"17":0,"18":0,"19":0,"20":0,"21":0,"22":0,"23":0,"24":0,"25":0,"26":0,"27":0,"28":0,"29":0,"30":0,"31":0,"32":0,"33":0,"34":0,"35":0,"36":0,"37":0,"38":0,"39":0,"40":0,"41":0,"42":0,"43":0,"44":0,"45":0,"46":0,"47":0,"48":1},"f":{"0":1,"1":0,"2":0,"3":0,"4":0,"5":0},"b":{"0":[0],"1":[0],"2":[0,1],"3":[0,1],"4":[0,0],"5":[0,0,0],"6":[0,0],"7":[0,0],"8":[0,0],"9":[0,0,0,0,0,0,0]},"_coverageSchema":"1a1c01bbd47fc00a2c39e90264f33305004495a9","hash":"e5e34d56a72f93d612fe21b0ddf60112dd1734d3"}
}
