TN:
SF:index.js
FN:16,(anonymous_0)
FN:42,(anonymous_1)
FN:77,(anonymous_2)
FN:120,(anonymous_3)
FN:143,(anonymous_4)
FN:176,(anonymous_5)
FNF:6
FNH:1
FNDA:1,(anonymous_0)
FNDA:0,(anonymous_1)
FNDA:0,(anonymous_2)
FNDA:0,(anonymous_3)
FNDA:0,(anonymous_4)
FNDA:0,(anonymous_5)
DA:2,1
DA:4,1
DA:17,1
DA:18,0
DA:21,1
DA:22,0
DA:25,1
DA:26,1
DA:27,1
DA:28,1
DA:43,0
DA:78,0
DA:79,0
DA:81,0
DA:84,0
DA:85,0
DA:91,0
DA:92,0
DA:93,0
DA:100,0
DA:105,0
DA:106,0
DA:107,0
DA:109,0
DA:122,0
DA:123,0
DA:125,0
DA:128,0
DA:129,0
DA:130,0
DA:132,0
DA:145,0
DA:147,0
DA:149,0
DA:151,0
DA:152,0
DA:154,0
DA:156,0
DA:158,0
DA:160,0
DA:162,0
DA:164,0
DA:166,0
DA:168,0
DA:171,0
DA:173,0
DA:177,0
DA:183,0
DA:228,1
LF:49
LH:9
BRDA:16,0,0,0
BRDA:16,1,0,0
BRDA:17,2,0,0
BRDA:17,2,1,1
BRDA:21,3,0,0
BRDA:21,3,1,1
BRDA:84,4,0,0
BRDA:84,4,1,0
BRDA:84,5,0,0
BRDA:84,5,1,0
BRDA:84,5,2,0
BRDA:92,6,0,0
BRDA:92,6,1,0
BRDA:92,7,0,0
BRDA:92,7,1,0
BRDA:100,8,0,0
BRDA:100,8,1,0
BRDA:145,9,0,0
BRDA:145,9,1,0
BRDA:145,9,2,0
BRDA:145,9,3,0
BRDA:145,9,4,0
BRDA:145,9,5,0
BRDA:145,9,6,0
BRF:24
BRH:2
end_of_record
